<?xml version="1.0" encoding="UTF-8"?>
<!-- Generated by org.testng.reporters.JUnitXMLReporter -->
<testsuite hostname="This-PC" ignored="0" name="Test" tests="6" failures="6" timestamp="2021-12-29T19:59:16 IST" time="6.94" errors="0">
  <testcase name="runScenario" time="0.893" classname="io.cucumber.testng.AbstractTestNGCucumberTests">
    <failure type="java.lang.BootstrapMethodError" message="java.lang.NoClassDefFoundError: io/qameta/allure/util/AnnotationUtils">
      <![CDATA[java.lang.BootstrapMethodError: java.lang.NoClassDefFoundError: io/qameta/allure/util/AnnotationUtils
at io.qameta.allure.testng.AllureTestNg.getLabels(AllureTestNg.java:558)
at io.qameta.allure.testng.AllureTestNg.startTestCase(AllureTestNg.java:286)
at io.qameta.allure.testng.AllureTestNg.startTestCase(AllureTestNg.java:248)
at io.qameta.allure.testng.AllureTestNg.onTestStart(AllureTestNg.java:237)
at java.util.ArrayList.forEach(ArrayList.java:1259)
Caused by: java.lang.NoClassDefFoundError: io/qameta/allure/util/AnnotationUtils
... 29 more
Caused by: java.lang.ClassNotFoundException: io.qameta.allure.util.AnnotationUtils
at java.net.URLClassLoader.findClass(URLClassLoader.java:382)
at java.lang.ClassLoader.loadClass(ClassLoader.java:418)
at sun.misc.Launcher$AppClassLoader.loadClass(Launcher.java:355)
at java.lang.ClassLoader.loadClass(ClassLoader.java:351)
... 29 more
... Removed 24 stack frames]]>
    </failure>
  </testcase> <!-- runScenario -->
  <testcase name="runScenario" time="0.012" classname="io.cucumber.testng.AbstractTestNGCucumberTests">
    <failure type="java.lang.BootstrapMethodError" message="java.lang.NoClassDefFoundError: io/qameta/allure/util/AnnotationUtils">
      <![CDATA[java.lang.BootstrapMethodError: java.lang.NoClassDefFoundError: io/qameta/allure/util/AnnotationUtils
at io.qameta.allure.testng.AllureTestNg.getLabels(AllureTestNg.java:558)
at io.qameta.allure.testng.AllureTestNg.startTestCase(AllureTestNg.java:286)
at io.qameta.allure.testng.AllureTestNg.startTestCase(AllureTestNg.java:248)
at io.qameta.allure.testng.AllureTestNg.onTestStart(AllureTestNg.java:237)
at java.util.ArrayList.forEach(ArrayList.java:1259)
Caused by: java.lang.NoClassDefFoundError: io/qameta/allure/util/AnnotationUtils
... 29 more
... Removed 24 stack frames]]>
    </failure>
  </testcase> <!-- runScenario -->
  <testcase name="runScenario" time="0.009" classname="io.cucumber.testng.AbstractTestNGCucumberTests">
    <failure type="java.lang.BootstrapMethodError" message="java.lang.NoClassDefFoundError: io/qameta/allure/util/AnnotationUtils">
      <![CDATA[java.lang.BootstrapMethodError: java.lang.NoClassDefFoundError: io/qameta/allure/util/AnnotationUtils
at io.qameta.allure.testng.AllureTestNg.getLabels(AllureTestNg.java:558)
at io.qameta.allure.testng.AllureTestNg.startTestCase(AllureTestNg.java:286)
at io.qameta.allure.testng.AllureTestNg.startTestCase(AllureTestNg.java:248)
at io.qameta.allure.testng.AllureTestNg.onTestStart(AllureTestNg.java:237)
at java.util.ArrayList.forEach(ArrayList.java:1259)
Caused by: java.lang.NoClassDefFoundError: io/qameta/allure/util/AnnotationUtils
... 29 more
... Removed 24 stack frames]]>
    </failure>
  </testcase> <!-- runScenario -->
  <testcase name="runScenario" time="0.008" classname="io.cucumber.testng.AbstractTestNGCucumberTests">
    <failure type="java.lang.BootstrapMethodError" message="java.lang.NoClassDefFoundError: io/qameta/allure/util/AnnotationUtils">
      <![CDATA[java.lang.BootstrapMethodError: java.lang.NoClassDefFoundError: io/qameta/allure/util/AnnotationUtils
at io.qameta.allure.testng.AllureTestNg.getLabels(AllureTestNg.java:558)
at io.qameta.allure.testng.AllureTestNg.startTestCase(AllureTestNg.java:286)
at io.qameta.allure.testng.AllureTestNg.startTestCase(AllureTestNg.java:248)
at io.qameta.allure.testng.AllureTestNg.onTestStart(AllureTestNg.java:237)
at java.util.ArrayList.forEach(ArrayList.java:1259)
Caused by: java.lang.NoClassDefFoundError: io/qameta/allure/util/AnnotationUtils
... 29 more
... Removed 24 stack frames]]>
    </failure>
  </testcase> <!-- runScenario -->
  <testcase name="runScenario" time="0.011" classname="io.cucumber.testng.AbstractTestNGCucumberTests">
    <failure type="java.lang.BootstrapMethodError" message="java.lang.NoClassDefFoundError: io/qameta/allure/util/AnnotationUtils">
      <![CDATA[java.lang.BootstrapMethodError: java.lang.NoClassDefFoundError: io/qameta/allure/util/AnnotationUtils
at io.qameta.allure.testng.AllureTestNg.getLabels(AllureTestNg.java:558)
at io.qameta.allure.testng.AllureTestNg.startTestCase(AllureTestNg.java:286)
at io.qameta.allure.testng.AllureTestNg.startTestCase(AllureTestNg.java:248)
at io.qameta.allure.testng.AllureTestNg.onTestStart(AllureTestNg.java:237)
at java.util.ArrayList.forEach(ArrayList.java:1259)
Caused by: java.lang.NoClassDefFoundError: io/qameta/allure/util/AnnotationUtils
... 29 more
... Removed 24 stack frames]]>
    </failure>
  </testcase> <!-- runScenario -->
  <testcase name="runScenario" time="0.017" classname="io.cucumber.testng.AbstractTestNGCucumberTests">
    <failure type="java.lang.BootstrapMethodError" message="java.lang.NoClassDefFoundError: io/qameta/allure/util/AnnotationUtils">
      <![CDATA[java.lang.BootstrapMethodError: java.lang.NoClassDefFoundError: io/qameta/allure/util/AnnotationUtils
at io.qameta.allure.testng.AllureTestNg.getLabels(AllureTestNg.java:558)
at io.qameta.allure.testng.AllureTestNg.startTestCase(AllureTestNg.java:286)
at io.qameta.allure.testng.AllureTestNg.startTestCase(AllureTestNg.java:248)
at io.qameta.allure.testng.AllureTestNg.onTestStart(AllureTestNg.java:237)
at java.util.ArrayList.forEach(ArrayList.java:1259)
Caused by: java.lang.NoClassDefFoundError: io/qameta/allure/util/AnnotationUtils
... 29 more
... Removed 24 stack frames]]>
    </failure>
  </testcase> <!-- runScenario -->
</testsuite> <!-- Test -->
