<html>
<head>
<title>TestNG:  Test</title>
<link href="../testng.css" rel="stylesheet" type="text/css" />
<link href="../my-testng.css" rel="stylesheet" type="text/css" />

<style type="text/css">
.log { display: none;} 
.stack-trace { display: none;} 
</style>
<script type="text/javascript">
<!--
function flip(e) {
  current = e.style.display;
  if (current == 'block') {
    e.style.display = 'none';
    return 0;
  }
  else {
    e.style.display = 'block';
    return 1;
  }
}

function toggleBox(szDivId, elem, msg1, msg2)
{
  var res = -1;  if (document.getElementById) {
    res = flip(document.getElementById(szDivId));
  }
  else if (document.all) {
    // this is the way old msie versions work
    res = flip(document.all[szDivId]);
  }
  if(elem) {
    if(res == 0) elem.innerHTML = msg1; else elem.innerHTML = msg2;
  }

}

function toggleAllBoxes() {
  if (document.getElementsByTagName) {
    d = document.getElementsByTagName('div');
    for (i = 0; i < d.length; i++) {
      if (d[i].className == 'log') {
        flip(d[i]);
      }
    }
  }
}

// -->
</script>

</head>
<body>
<h2 align='center'>Test</h2><table border='1' align="center">
<tr>
<td>Tests passed/Failed/Skipped:</td><td>0/6/0</td>
</tr><tr>
<td>Started on:</td><td>Wed Dec 29 19:59:09 IST 2021</td>
</tr>
<tr><td>Total time:</td><td>6 seconds (6940 ms)</td>
</tr><tr>
<td>Included groups:</td><td></td>
</tr><tr>
<td>Excluded groups:</td><td></td>
</tr>
</table><p/>
<small><i>(Hover the method name to see the test class name)</i></small><p/>
<table width='100%' border='1' class='invocation-failed'>
<tr><td colspan='4' align='center'><b>FAILED TESTS</b></td></tr>
<tr><td><b>Test method</b></td>
<td width="30%"><b>Exception</b></td>
<td width="10%"><b>Time (seconds)</b></td>
<td><b>Instance</b></td>
</tr>
<tr>
<td title='com.testingshastra.util.RunnerTest.runScenario()'><b>runScenario</b><br>Test class: com.testingshastra.util.RunnerTest<br>Test method: Runs Cucumber Scenarios<br>Parameters: "We are providing list parameters through cucumber", "Optional[This is our second feature file.]"</td>
<td><div><pre>java.lang.BootstrapMethodError: java.lang.NoClassDefFoundError: io/qameta/allure/util/AnnotationUtils
	at io.qameta.allure.testng.AllureTestNg.getLabels(AllureTestNg.java:558)
	at io.qameta.allure.testng.AllureTestNg.startTestCase(AllureTestNg.java:286)
	at io.qameta.allure.testng.AllureTestNg.startTestCase(AllureTestNg.java:248)
	at io.qameta.allure.testng.AllureTestNg.onTestStart(AllureTestNg.java:237)
	at java.util.ArrayList.forEach(ArrayList.java:1259)
Caused by: java.lang.NoClassDefFoundError: io/qameta/allure/util/AnnotationUtils
	... 29 more
... Removed 24 stack frames</pre></div><a href='#' onClick='toggleBox("stack-trace1904288897", this, "Click to show all stack frames", "Click to hide stack frames")'>Click to show all stack frames</a>
<div class='stack-trace' id='stack-trace1904288897'><pre>java.lang.BootstrapMethodError: java.lang.NoClassDefFoundError: io/qameta/allure/util/AnnotationUtils
	at io.qameta.allure.testng.AllureTestNg.getLabels(AllureTestNg.java:558)
	at io.qameta.allure.testng.AllureTestNg.startTestCase(AllureTestNg.java:286)
	at io.qameta.allure.testng.AllureTestNg.startTestCase(AllureTestNg.java:248)
	at io.qameta.allure.testng.AllureTestNg.onTestStart(AllureTestNg.java:237)
	at org.testng.internal.TestListenerHelper.runTestListeners(TestListenerHelper.java:103)
	at org.testng.internal.TestInvoker.runTestResultListener(TestInvoker.java:219)
	at org.testng.internal.TestInvoker.invokeMethod(TestInvoker.java:569)
	at org.testng.internal.TestInvoker.invokeTestMethod(TestInvoker.java:173)
	at org.testng.internal.MethodRunner.runInSequence(MethodRunner.java:46)
	at org.testng.internal.TestInvoker$MethodInvocationAgent.invoke(TestInvoker.java:824)
	at org.testng.internal.TestInvoker.invokeTestMethods(TestInvoker.java:146)
	at org.testng.internal.TestMethodWorker.invokeTestMethods(TestMethodWorker.java:146)
	at org.testng.internal.TestMethodWorker.run(TestMethodWorker.java:128)
	at java.util.ArrayList.forEach(ArrayList.java:1259)
	at org.testng.TestRunner.privateRun(TestRunner.java:794)
	at org.testng.TestRunner.run(TestRunner.java:596)
	at org.testng.SuiteRunner.runTest(SuiteRunner.java:377)
	at org.testng.SuiteRunner.runSequentially(SuiteRunner.java:371)
	at org.testng.SuiteRunner.privateRun(SuiteRunner.java:332)
	at org.testng.SuiteRunner.run(SuiteRunner.java:276)
	at org.testng.SuiteRunnerWorker.runSuite(SuiteRunnerWorker.java:53)
	at org.testng.SuiteRunnerWorker.run(SuiteRunnerWorker.java:96)
	at org.testng.TestNG.runSuitesSequentially(TestNG.java:1212)
	at org.testng.TestNG.runSuitesLocally(TestNG.java:1134)
	at org.testng.TestNG.runSuites(TestNG.java:1063)
	at org.testng.TestNG.run(TestNG.java:1031)
	at org.testng.remote.AbstractRemoteTestNG.run(AbstractRemoteTestNG.java:115)
	at org.testng.remote.RemoteTestNG.initAndRun(RemoteTestNG.java:251)
	at org.testng.remote.RemoteTestNG.main(RemoteTestNG.java:77)
Caused by: java.lang.NoClassDefFoundError: io/qameta/allure/util/AnnotationUtils
	... 29 more
</pre></div></td>
<td>0</td>
<td>com.testingshastra.util.RunnerTest@661972b0</td></tr>
<tr>
<td title='com.testingshastra.util.RunnerTest.runScenario()'><b>runScenario</b><br>Test class: com.testingshastra.util.RunnerTest<br>Test method: Runs Cucumber Scenarios<br>Parameters: "We are learning cucumber-2.", "Optional[This is our first feature]"</td>
<td><div><pre>java.lang.BootstrapMethodError: java.lang.NoClassDefFoundError: io/qameta/allure/util/AnnotationUtils
	at io.qameta.allure.testng.AllureTestNg.getLabels(AllureTestNg.java:558)
	at io.qameta.allure.testng.AllureTestNg.startTestCase(AllureTestNg.java:286)
	at io.qameta.allure.testng.AllureTestNg.startTestCase(AllureTestNg.java:248)
	at io.qameta.allure.testng.AllureTestNg.onTestStart(AllureTestNg.java:237)
	at java.util.ArrayList.forEach(ArrayList.java:1259)
Caused by: java.lang.NoClassDefFoundError: io/qameta/allure/util/AnnotationUtils
	... 29 more
... Removed 24 stack frames</pre></div><a href='#' onClick='toggleBox("stack-trace1582028874", this, "Click to show all stack frames", "Click to hide stack frames")'>Click to show all stack frames</a>
<div class='stack-trace' id='stack-trace1582028874'><pre>java.lang.BootstrapMethodError: java.lang.NoClassDefFoundError: io/qameta/allure/util/AnnotationUtils
	at io.qameta.allure.testng.AllureTestNg.getLabels(AllureTestNg.java:558)
	at io.qameta.allure.testng.AllureTestNg.startTestCase(AllureTestNg.java:286)
	at io.qameta.allure.testng.AllureTestNg.startTestCase(AllureTestNg.java:248)
	at io.qameta.allure.testng.AllureTestNg.onTestStart(AllureTestNg.java:237)
	at org.testng.internal.TestListenerHelper.runTestListeners(TestListenerHelper.java:103)
	at org.testng.internal.TestInvoker.runTestResultListener(TestInvoker.java:219)
	at org.testng.internal.TestInvoker.invokeMethod(TestInvoker.java:569)
	at org.testng.internal.TestInvoker.invokeTestMethod(TestInvoker.java:173)
	at org.testng.internal.MethodRunner.runInSequence(MethodRunner.java:46)
	at org.testng.internal.TestInvoker$MethodInvocationAgent.invoke(TestInvoker.java:824)
	at org.testng.internal.TestInvoker.invokeTestMethods(TestInvoker.java:146)
	at org.testng.internal.TestMethodWorker.invokeTestMethods(TestMethodWorker.java:146)
	at org.testng.internal.TestMethodWorker.run(TestMethodWorker.java:128)
	at java.util.ArrayList.forEach(ArrayList.java:1259)
	at org.testng.TestRunner.privateRun(TestRunner.java:794)
	at org.testng.TestRunner.run(TestRunner.java:596)
	at org.testng.SuiteRunner.runTest(SuiteRunner.java:377)
	at org.testng.SuiteRunner.runSequentially(SuiteRunner.java:371)
	at org.testng.SuiteRunner.privateRun(SuiteRunner.java:332)
	at org.testng.SuiteRunner.run(SuiteRunner.java:276)
	at org.testng.SuiteRunnerWorker.runSuite(SuiteRunnerWorker.java:53)
	at org.testng.SuiteRunnerWorker.run(SuiteRunnerWorker.java:96)
	at org.testng.TestNG.runSuitesSequentially(TestNG.java:1212)
	at org.testng.TestNG.runSuitesLocally(TestNG.java:1134)
	at org.testng.TestNG.runSuites(TestNG.java:1063)
	at org.testng.TestNG.run(TestNG.java:1031)
	at org.testng.remote.AbstractRemoteTestNG.run(AbstractRemoteTestNG.java:115)
	at org.testng.remote.RemoteTestNG.initAndRun(RemoteTestNG.java:251)
	at org.testng.remote.RemoteTestNG.main(RemoteTestNG.java:77)
Caused by: java.lang.NoClassDefFoundError: io/qameta/allure/util/AnnotationUtils
	... 29 more
</pre></div></td>
<td>0</td>
<td>com.testingshastra.util.RunnerTest@661972b0</td></tr>
<tr>
<td title='com.testingshastra.util.RunnerTest.runScenario()'><b>runScenario</b><br>Test class: com.testingshastra.util.RunnerTest<br>Test method: Runs Cucumber Scenarios<br>Parameters: "We are providing float parameters through cucumber.", "Optional[This is our second feature file.]"</td>
<td><div><pre>java.lang.BootstrapMethodError: java.lang.NoClassDefFoundError: io/qameta/allure/util/AnnotationUtils
	at io.qameta.allure.testng.AllureTestNg.getLabels(AllureTestNg.java:558)
	at io.qameta.allure.testng.AllureTestNg.startTestCase(AllureTestNg.java:286)
	at io.qameta.allure.testng.AllureTestNg.startTestCase(AllureTestNg.java:248)
	at io.qameta.allure.testng.AllureTestNg.onTestStart(AllureTestNg.java:237)
	at java.util.ArrayList.forEach(ArrayList.java:1259)
Caused by: java.lang.NoClassDefFoundError: io/qameta/allure/util/AnnotationUtils
	... 29 more
... Removed 24 stack frames</pre></div><a href='#' onClick='toggleBox("stack-trace524223214", this, "Click to show all stack frames", "Click to hide stack frames")'>Click to show all stack frames</a>
<div class='stack-trace' id='stack-trace524223214'><pre>java.lang.BootstrapMethodError: java.lang.NoClassDefFoundError: io/qameta/allure/util/AnnotationUtils
	at io.qameta.allure.testng.AllureTestNg.getLabels(AllureTestNg.java:558)
	at io.qameta.allure.testng.AllureTestNg.startTestCase(AllureTestNg.java:286)
	at io.qameta.allure.testng.AllureTestNg.startTestCase(AllureTestNg.java:248)
	at io.qameta.allure.testng.AllureTestNg.onTestStart(AllureTestNg.java:237)
	at org.testng.internal.TestListenerHelper.runTestListeners(TestListenerHelper.java:103)
	at org.testng.internal.TestInvoker.runTestResultListener(TestInvoker.java:219)
	at org.testng.internal.TestInvoker.invokeMethod(TestInvoker.java:569)
	at org.testng.internal.TestInvoker.invokeTestMethod(TestInvoker.java:173)
	at org.testng.internal.MethodRunner.runInSequence(MethodRunner.java:46)
	at org.testng.internal.TestInvoker$MethodInvocationAgent.invoke(TestInvoker.java:824)
	at org.testng.internal.TestInvoker.invokeTestMethods(TestInvoker.java:146)
	at org.testng.internal.TestMethodWorker.invokeTestMethods(TestMethodWorker.java:146)
	at org.testng.internal.TestMethodWorker.run(TestMethodWorker.java:128)
	at java.util.ArrayList.forEach(ArrayList.java:1259)
	at org.testng.TestRunner.privateRun(TestRunner.java:794)
	at org.testng.TestRunner.run(TestRunner.java:596)
	at org.testng.SuiteRunner.runTest(SuiteRunner.java:377)
	at org.testng.SuiteRunner.runSequentially(SuiteRunner.java:371)
	at org.testng.SuiteRunner.privateRun(SuiteRunner.java:332)
	at org.testng.SuiteRunner.run(SuiteRunner.java:276)
	at org.testng.SuiteRunnerWorker.runSuite(SuiteRunnerWorker.java:53)
	at org.testng.SuiteRunnerWorker.run(SuiteRunnerWorker.java:96)
	at org.testng.TestNG.runSuitesSequentially(TestNG.java:1212)
	at org.testng.TestNG.runSuitesLocally(TestNG.java:1134)
	at org.testng.TestNG.runSuites(TestNG.java:1063)
	at org.testng.TestNG.run(TestNG.java:1031)
	at org.testng.remote.AbstractRemoteTestNG.run(AbstractRemoteTestNG.java:115)
	at org.testng.remote.RemoteTestNG.initAndRun(RemoteTestNG.java:251)
	at org.testng.remote.RemoteTestNG.main(RemoteTestNG.java:77)
Caused by: java.lang.NoClassDefFoundError: io/qameta/allure/util/AnnotationUtils
	... 29 more
</pre></div></td>
<td>0</td>
<td>com.testingshastra.util.RunnerTest@661972b0</td></tr>
<tr>
<td title='com.testingshastra.util.RunnerTest.runScenario()'><b>runScenario</b><br>Test class: com.testingshastra.util.RunnerTest<br>Test method: Runs Cucumber Scenarios<br>Parameters: "We are providing int parameters through cucumber", "Optional[This is our second feature file.]"</td>
<td><div><pre>java.lang.BootstrapMethodError: java.lang.NoClassDefFoundError: io/qameta/allure/util/AnnotationUtils
	at io.qameta.allure.testng.AllureTestNg.getLabels(AllureTestNg.java:558)
	at io.qameta.allure.testng.AllureTestNg.startTestCase(AllureTestNg.java:286)
	at io.qameta.allure.testng.AllureTestNg.startTestCase(AllureTestNg.java:248)
	at io.qameta.allure.testng.AllureTestNg.onTestStart(AllureTestNg.java:237)
	at java.util.ArrayList.forEach(ArrayList.java:1259)
Caused by: java.lang.NoClassDefFoundError: io/qameta/allure/util/AnnotationUtils
	... 29 more
... Removed 24 stack frames</pre></div><a href='#' onClick='toggleBox("stack-trace1407083101", this, "Click to show all stack frames", "Click to hide stack frames")'>Click to show all stack frames</a>
<div class='stack-trace' id='stack-trace1407083101'><pre>java.lang.BootstrapMethodError: java.lang.NoClassDefFoundError: io/qameta/allure/util/AnnotationUtils
	at io.qameta.allure.testng.AllureTestNg.getLabels(AllureTestNg.java:558)
	at io.qameta.allure.testng.AllureTestNg.startTestCase(AllureTestNg.java:286)
	at io.qameta.allure.testng.AllureTestNg.startTestCase(AllureTestNg.java:248)
	at io.qameta.allure.testng.AllureTestNg.onTestStart(AllureTestNg.java:237)
	at org.testng.internal.TestListenerHelper.runTestListeners(TestListenerHelper.java:103)
	at org.testng.internal.TestInvoker.runTestResultListener(TestInvoker.java:219)
	at org.testng.internal.TestInvoker.invokeMethod(TestInvoker.java:569)
	at org.testng.internal.TestInvoker.invokeTestMethod(TestInvoker.java:173)
	at org.testng.internal.MethodRunner.runInSequence(MethodRunner.java:46)
	at org.testng.internal.TestInvoker$MethodInvocationAgent.invoke(TestInvoker.java:824)
	at org.testng.internal.TestInvoker.invokeTestMethods(TestInvoker.java:146)
	at org.testng.internal.TestMethodWorker.invokeTestMethods(TestMethodWorker.java:146)
	at org.testng.internal.TestMethodWorker.run(TestMethodWorker.java:128)
	at java.util.ArrayList.forEach(ArrayList.java:1259)
	at org.testng.TestRunner.privateRun(TestRunner.java:794)
	at org.testng.TestRunner.run(TestRunner.java:596)
	at org.testng.SuiteRunner.runTest(SuiteRunner.java:377)
	at org.testng.SuiteRunner.runSequentially(SuiteRunner.java:371)
	at org.testng.SuiteRunner.privateRun(SuiteRunner.java:332)
	at org.testng.SuiteRunner.run(SuiteRunner.java:276)
	at org.testng.SuiteRunnerWorker.runSuite(SuiteRunnerWorker.java:53)
	at org.testng.SuiteRunnerWorker.run(SuiteRunnerWorker.java:96)
	at org.testng.TestNG.runSuitesSequentially(TestNG.java:1212)
	at org.testng.TestNG.runSuitesLocally(TestNG.java:1134)
	at org.testng.TestNG.runSuites(TestNG.java:1063)
	at org.testng.TestNG.run(TestNG.java:1031)
	at org.testng.remote.AbstractRemoteTestNG.run(AbstractRemoteTestNG.java:115)
	at org.testng.remote.RemoteTestNG.initAndRun(RemoteTestNG.java:251)
	at org.testng.remote.RemoteTestNG.main(RemoteTestNG.java:77)
Caused by: java.lang.NoClassDefFoundError: io/qameta/allure/util/AnnotationUtils
	... 29 more
</pre></div></td>
<td>0</td>
<td>com.testingshastra.util.RunnerTest@661972b0</td></tr>
<tr>
<td title='com.testingshastra.util.RunnerTest.runScenario()'><b>runScenario</b><br>Test class: com.testingshastra.util.RunnerTest<br>Test method: Runs Cucumber Scenarios<br>Parameters: "We providing word parameters to sort alphabetically.", "Optional[This is our second feature file.]"</td>
<td><div><pre>java.lang.BootstrapMethodError: java.lang.NoClassDefFoundError: io/qameta/allure/util/AnnotationUtils
	at io.qameta.allure.testng.AllureTestNg.getLabels(AllureTestNg.java:558)
	at io.qameta.allure.testng.AllureTestNg.startTestCase(AllureTestNg.java:286)
	at io.qameta.allure.testng.AllureTestNg.startTestCase(AllureTestNg.java:248)
	at io.qameta.allure.testng.AllureTestNg.onTestStart(AllureTestNg.java:237)
	at java.util.ArrayList.forEach(ArrayList.java:1259)
Caused by: java.lang.NoClassDefFoundError: io/qameta/allure/util/AnnotationUtils
	... 29 more
... Removed 24 stack frames</pre></div><a href='#' onClick='toggleBox("stack-trace1812831622", this, "Click to show all stack frames", "Click to hide stack frames")'>Click to show all stack frames</a>
<div class='stack-trace' id='stack-trace1812831622'><pre>java.lang.BootstrapMethodError: java.lang.NoClassDefFoundError: io/qameta/allure/util/AnnotationUtils
	at io.qameta.allure.testng.AllureTestNg.getLabels(AllureTestNg.java:558)
	at io.qameta.allure.testng.AllureTestNg.startTestCase(AllureTestNg.java:286)
	at io.qameta.allure.testng.AllureTestNg.startTestCase(AllureTestNg.java:248)
	at io.qameta.allure.testng.AllureTestNg.onTestStart(AllureTestNg.java:237)
	at org.testng.internal.TestListenerHelper.runTestListeners(TestListenerHelper.java:103)
	at org.testng.internal.TestInvoker.runTestResultListener(TestInvoker.java:219)
	at org.testng.internal.TestInvoker.invokeMethod(TestInvoker.java:569)
	at org.testng.internal.TestInvoker.invokeTestMethod(TestInvoker.java:173)
	at org.testng.internal.MethodRunner.runInSequence(MethodRunner.java:46)
	at org.testng.internal.TestInvoker$MethodInvocationAgent.invoke(TestInvoker.java:824)
	at org.testng.internal.TestInvoker.invokeTestMethods(TestInvoker.java:146)
	at org.testng.internal.TestMethodWorker.invokeTestMethods(TestMethodWorker.java:146)
	at org.testng.internal.TestMethodWorker.run(TestMethodWorker.java:128)
	at java.util.ArrayList.forEach(ArrayList.java:1259)
	at org.testng.TestRunner.privateRun(TestRunner.java:794)
	at org.testng.TestRunner.run(TestRunner.java:596)
	at org.testng.SuiteRunner.runTest(SuiteRunner.java:377)
	at org.testng.SuiteRunner.runSequentially(SuiteRunner.java:371)
	at org.testng.SuiteRunner.privateRun(SuiteRunner.java:332)
	at org.testng.SuiteRunner.run(SuiteRunner.java:276)
	at org.testng.SuiteRunnerWorker.runSuite(SuiteRunnerWorker.java:53)
	at org.testng.SuiteRunnerWorker.run(SuiteRunnerWorker.java:96)
	at org.testng.TestNG.runSuitesSequentially(TestNG.java:1212)
	at org.testng.TestNG.runSuitesLocally(TestNG.java:1134)
	at org.testng.TestNG.runSuites(TestNG.java:1063)
	at org.testng.TestNG.run(TestNG.java:1031)
	at org.testng.remote.AbstractRemoteTestNG.run(AbstractRemoteTestNG.java:115)
	at org.testng.remote.RemoteTestNG.initAndRun(RemoteTestNG.java:251)
	at org.testng.remote.RemoteTestNG.main(RemoteTestNG.java:77)
Caused by: java.lang.NoClassDefFoundError: io/qameta/allure/util/AnnotationUtils
	... 29 more
</pre></div></td>
<td>0</td>
<td>com.testingshastra.util.RunnerTest@661972b0</td></tr>
<tr>
<td title='com.testingshastra.util.RunnerTest.runScenario()'><b>runScenario</b><br>Test class: com.testingshastra.util.RunnerTest<br>Test method: Runs Cucumber Scenarios<br>Parameters: "We are learning cucumber", "Optional[This is our first feature]"</td>
<td><div><pre>java.lang.BootstrapMethodError: java.lang.NoClassDefFoundError: io/qameta/allure/util/AnnotationUtils
	at io.qameta.allure.testng.AllureTestNg.getLabels(AllureTestNg.java:558)
	at io.qameta.allure.testng.AllureTestNg.startTestCase(AllureTestNg.java:286)
	at io.qameta.allure.testng.AllureTestNg.startTestCase(AllureTestNg.java:248)
	at io.qameta.allure.testng.AllureTestNg.onTestStart(AllureTestNg.java:237)
	at java.util.ArrayList.forEach(ArrayList.java:1259)
Caused by: java.lang.NoClassDefFoundError: io/qameta/allure/util/AnnotationUtils
	... 29 more
Caused by: java.lang.ClassNotFoundException: io.qameta.allure.util.AnnotationUtils
	at java.net.URLClassLoader.findClass(URLClassLoader.java:382)
	at java.lang.ClassLoader.loadClass(ClassLoader.java:418)
	at sun.misc.Launcher$AppClassLoader.loadClass(Launcher.java:355)
	at java.lang.ClassLoader.loadClass(ClassLoader.java:351)
	... 29 more
... Removed 24 stack frames</pre></div><a href='#' onClick='toggleBox("stack-trace1265508963", this, "Click to show all stack frames", "Click to hide stack frames")'>Click to show all stack frames</a>
<div class='stack-trace' id='stack-trace1265508963'><pre>java.lang.BootstrapMethodError: java.lang.NoClassDefFoundError: io/qameta/allure/util/AnnotationUtils
	at io.qameta.allure.testng.AllureTestNg.getLabels(AllureTestNg.java:558)
	at io.qameta.allure.testng.AllureTestNg.startTestCase(AllureTestNg.java:286)
	at io.qameta.allure.testng.AllureTestNg.startTestCase(AllureTestNg.java:248)
	at io.qameta.allure.testng.AllureTestNg.onTestStart(AllureTestNg.java:237)
	at org.testng.internal.TestListenerHelper.runTestListeners(TestListenerHelper.java:103)
	at org.testng.internal.TestInvoker.runTestResultListener(TestInvoker.java:219)
	at org.testng.internal.TestInvoker.invokeMethod(TestInvoker.java:569)
	at org.testng.internal.TestInvoker.invokeTestMethod(TestInvoker.java:173)
	at org.testng.internal.MethodRunner.runInSequence(MethodRunner.java:46)
	at org.testng.internal.TestInvoker$MethodInvocationAgent.invoke(TestInvoker.java:824)
	at org.testng.internal.TestInvoker.invokeTestMethods(TestInvoker.java:146)
	at org.testng.internal.TestMethodWorker.invokeTestMethods(TestMethodWorker.java:146)
	at org.testng.internal.TestMethodWorker.run(TestMethodWorker.java:128)
	at java.util.ArrayList.forEach(ArrayList.java:1259)
	at org.testng.TestRunner.privateRun(TestRunner.java:794)
	at org.testng.TestRunner.run(TestRunner.java:596)
	at org.testng.SuiteRunner.runTest(SuiteRunner.java:377)
	at org.testng.SuiteRunner.runSequentially(SuiteRunner.java:371)
	at org.testng.SuiteRunner.privateRun(SuiteRunner.java:332)
	at org.testng.SuiteRunner.run(SuiteRunner.java:276)
	at org.testng.SuiteRunnerWorker.runSuite(SuiteRunnerWorker.java:53)
	at org.testng.SuiteRunnerWorker.run(SuiteRunnerWorker.java:96)
	at org.testng.TestNG.runSuitesSequentially(TestNG.java:1212)
	at org.testng.TestNG.runSuitesLocally(TestNG.java:1134)
	at org.testng.TestNG.runSuites(TestNG.java:1063)
	at org.testng.TestNG.run(TestNG.java:1031)
	at org.testng.remote.AbstractRemoteTestNG.run(AbstractRemoteTestNG.java:115)
	at org.testng.remote.RemoteTestNG.initAndRun(RemoteTestNG.java:251)
	at org.testng.remote.RemoteTestNG.main(RemoteTestNG.java:77)
Caused by: java.lang.NoClassDefFoundError: io/qameta/allure/util/AnnotationUtils
	... 29 more
Caused by: java.lang.ClassNotFoundException: io.qameta.allure.util.AnnotationUtils
	at java.net.URLClassLoader.findClass(URLClassLoader.java:382)
	at java.lang.ClassLoader.loadClass(ClassLoader.java:418)
	at sun.misc.Launcher$AppClassLoader.loadClass(Launcher.java:355)
	at java.lang.ClassLoader.loadClass(ClassLoader.java:351)
	... 29 more
</pre></div></td>
<td>0</td>
<td>com.testingshastra.util.RunnerTest@661972b0</td></tr>
</table><p>
</body>
</html>